?   	github.com/cms-enterprise/mint-app/cmd/dbseed	[no test files]
?   	github.com/cms-enterprise/mint-app/cmd/mint	[no test files]
?   	github.com/cms-enterprise/mint-app/cmd/mint/test	[no test files]
?   	github.com/cms-enterprise/mint-app/cmd/test_email	[no test files]
?   	github.com/cms-enterprise/mint-app/cmd/worker	[no test files]
ok  	github.com/cms-enterprise/mint-app/mappings	0.258s
?   	github.com/cms-enterprise/mint-app/node_modules/flatted/golang/pkg/flatted	[no test files]
?   	github.com/cms-enterprise/mint-app/pkg/accesscontrol	[no test files]
ok  	github.com/cms-enterprise/mint-app/pkg/appconfig	0.514s
ok  	github.com/cms-enterprise/mint-app/pkg/appcontext	0.532s
ok  	github.com/cms-enterprise/mint-app/pkg/apperrors	0.383s
ok  	github.com/cms-enterprise/mint-app/pkg/appvalidation	0.495s
ok  	github.com/cms-enterprise/mint-app/pkg/authentication	0.386s
ok  	github.com/cms-enterprise/mint-app/pkg/authorization	0.391s
?   	github.com/cms-enterprise/mint-app/pkg/constants	[no test files]
ok  	github.com/cms-enterprise/mint-app/pkg/echimpcache	0.758s
?   	github.com/cms-enterprise/mint-app/pkg/echimptestdata	[no test files]
?   	github.com/cms-enterprise/mint-app/pkg/email	[no test files]
ok  	github.com/cms-enterprise/mint-app/pkg/flags	0.390s
?   	github.com/cms-enterprise/mint-app/pkg/graph/generated	[no test files]
?   	github.com/cms-enterprise/mint-app/pkg/graph/model	[no test files]
?   	github.com/cms-enterprise/mint-app/pkg/graph/model/subscribers	[no test files]
ok  	github.com/cms-enterprise/mint-app/pkg/graph/resolvers	40.378s
ok  	github.com/cms-enterprise/mint-app/pkg/handlers	0.601s
?   	github.com/cms-enterprise/mint-app/pkg/helpers	[no test files]
ok  	github.com/cms-enterprise/mint-app/pkg/integration	0.932s
?   	github.com/cms-enterprise/mint-app/pkg/local	[no test files]
?   	github.com/cms-enterprise/mint-app/pkg/logfields	[no test files]
ok  	github.com/cms-enterprise/mint-app/pkg/logging	0.380s
ok  	github.com/cms-enterprise/mint-app/pkg/models	0.555s
?   	github.com/cms-enterprise/mint-app/pkg/models/pubsubevents	[no test files]
ok  	github.com/cms-enterprise/mint-app/pkg/notifications	1.434s
ok  	github.com/cms-enterprise/mint-app/pkg/okta	0.739s
?   	github.com/cms-enterprise/mint-app/pkg/oktaapi	[no test files]
?   	github.com/cms-enterprise/mint-app/pkg/parquet	[no test files]
ok  	github.com/cms-enterprise/mint-app/pkg/s3	0.506s
?   	github.com/cms-enterprise/mint-app/pkg/sanitization	[no test files]
?   	github.com/cms-enterprise/mint-app/pkg/serialization	[no test files]
ok  	github.com/cms-enterprise/mint-app/pkg/server	0.725s
ok  	github.com/cms-enterprise/mint-app/pkg/services	0.685s
ok  	github.com/cms-enterprise/mint-app/pkg/shared/emailtemplates	0.479s
?   	github.com/cms-enterprise/mint-app/pkg/shared/oddmail	[no test files]
?   	github.com/cms-enterprise/mint-app/pkg/shared/pubsub	[no test files]
?   	github.com/cms-enterprise/mint-app/pkg/shared/pubsub/mockpubsub	[no test files]
ok  	github.com/cms-enterprise/mint-app/pkg/shared/pubsub/testpubsub	0.379s
?   	github.com/cms-enterprise/mint-app/pkg/shared/utilitysql	[no test files]
?   	github.com/cms-enterprise/mint-app/pkg/shared/utilitytime	[no test files]
?   	github.com/cms-enterprise/mint-app/pkg/shared/utilityuuid	[no test files]
?   	github.com/cms-enterprise/mint-app/pkg/sqlqueries	[no test files]
ok  	github.com/cms-enterprise/mint-app/pkg/sqlutils	0.382s
ok  	github.com/cms-enterprise/mint-app/pkg/storage	0.798s
?   	github.com/cms-enterprise/mint-app/pkg/storage/genericmodel	[no test files]
?   	github.com/cms-enterprise/mint-app/pkg/storage/loaders	[no test files]
?   	github.com/cms-enterprise/mint-app/pkg/testconfig	[no test files]
?   	github.com/cms-enterprise/mint-app/pkg/testconfig/dataloadertestconfigs	[no test files]
?   	github.com/cms-enterprise/mint-app/pkg/testconfig/dbtestconfigs	[no test files]
?   	github.com/cms-enterprise/mint-app/pkg/testconfig/emailtestconfigs	[no test files]
?   	github.com/cms-enterprise/mint-app/pkg/testconfig/s3testconfigs	[no test files]
?   	github.com/cms-enterprise/mint-app/pkg/testconfig/useraccounthelperstestconfigs	[no test files]
?   	github.com/cms-enterprise/mint-app/pkg/testconfig/useraccountstoretestconfigs	[no test files]
?   	github.com/cms-enterprise/mint-app/pkg/testhelpers	[no test files]
ok  	github.com/cms-enterprise/mint-app/pkg/translatedaudit	1.918s
?   	github.com/cms-enterprise/mint-app/pkg/userhelpers	[no test files]
ok  	github.com/cms-enterprise/mint-app/pkg/validate	0.495s
ok  	github.com/cms-enterprise/mint-app/pkg/worker	2.226s
